<?xml version="1.0" encoding="UTF-8"?>
<!-- Generated by org.testng.reporters.JUnitReportReporter -->
<testsuite hostname="Dell_Neeraj_23" failures="0" tests="4" name="api.test.UserTests" time="9.549" errors="0" timestamp="2023-04-28T12:10:54 IST" skipped="0">
  <testcase classname="api.test.UserTests" name="testPostUser" time="3.028"/>
  <system-out/>
  <testcase classname="api.test.UserTests" name="testGetUserByName" time="1.665"/>
  <system-out/>
  <testcase classname="api.test.UserTests" name="testUpdateUserByName" time="3.270"/>
  <system-out/>
  <testcase classname="api.test.UserTests" name="testDeleteUserByName" time="1.586"/>
  <system-out/>
</testsuite> <!-- api.test.UserTests -->
