<?xml version="1.0" encoding="UTF-8"?>
<!-- Generated by org.testng.reporters.JUnitReportReporter -->
<testsuite hostname="Dell_Neeraj_23" failures="0" tests="4" name="api.test.UserTests2" time="9.080" errors="0" timestamp="2023-04-29T14:22:37 IST" skipped="0">
  <testcase classname="api.test.UserTests2" name="testPostUser" time="3.257"/>
  <system-out/>
  <testcase classname="api.test.UserTests2" name="testGetUserByName" time="1.463"/>
  <system-out/>
  <testcase classname="api.test.UserTests2" name="testUpdateUserByName" time="2.914"/>
  <system-out/>
  <testcase classname="api.test.UserTests2" name="testDeleteUserByName" time="1.446"/>
  <system-out/>
</testsuite> <!-- api.test.UserTests2 -->
