<?xml version="1.0" encoding="UTF-8"?>
<!-- Generated by org.testng.reporters.JUnitReportReporter -->
<testsuite hostname="Dell_Neeraj_23" failures="0" tests="3" name="api.test.DDTests" time="6.350" errors="0" timestamp="2023-04-28T12:22:30 IST" skipped="0">
  <testcase classname="api.test.DDTests" name="testPostUser" time="1.404"/>
  <system-out/>
  <testcase classname="api.test.DDTests" name="testPostUser" time="1.473"/>
  <system-out/>
  <testcase classname="api.test.DDTests" name="testPostUser" time="3.473"/>
  <system-out/>
</testsuite> <!-- api.test.DDTests -->
