<?xml version="1.0" encoding="UTF-8"?>
<!-- Generated by org.testng.reporters.JUnitReportReporter -->
<testsuite hostname="Dell_Neeraj_23" failures="0" tests="4" name="api.test.UserTests2" time="8.642" errors="0" timestamp="2023-05-01T13:02:20 IST" skipped="0">
  <testcase classname="api.test.UserTests2" name="testPostUser" time="3.099"/>
  <system-out/>
  <testcase classname="api.test.UserTests2" name="testGetUserByName" time="1.458"/>
  <system-out/>
  <testcase classname="api.test.UserTests2" name="testUpdateUserByName" time="2.706"/>
  <system-out/>
  <testcase classname="api.test.UserTests2" name="testDeleteUserByName" time="1.379"/>
  <system-out/>
</testsuite> <!-- api.test.UserTests2 -->
